0: Server starting with version 256
0: Starting server Etapa 1 - Hugaroring
0: Joining during race is allowed
0: FileToStruct cfg/eventRules.json
0: Translated realtime interval hzToMiliseconds(18)=54

0: SessionManager::randomizeGreenFlagTriggers: s:0.890000 e:0.950000 r:0.933875
0: Track hungaroring was set and updated
0: Event changed
0: Reading custom event rules
0: FileToStruct cfg/eventRules.json
0: FileToStruct cfg/assistRules.json
0: SessionManager::randomizeGreenFlagTriggers: s:0.890000 e:0.950000 r:0.940595
0: Significant change detected, updating lobby (1|1)
0: Resetting weekend to friday night
0: Reset time to friday night: 0 -> 0
0: Reset time to first session: 0 -> 122400
0: SessionManager::randomizeGreenFlagTriggers: s:0.890000 e:0.950000 r:0.949033
0: Listening to TCP 9601 | UDP 9601
304: Trying to connect to lobby (0 times, interval 10000 s)
304: Session changed: Practice -> Practice 0
304: Detected sessionPhase <waiting for drivers> -> <waiting for drivers> (Practice)
21356: ==ERR: RegisterToLobby TCP connection failed, couldn't connect to the lobby server
21356: Trying to connect to lobby (1 times, interval 13000 s)
22565: RegisterToLobby succeeded
22581: Sent lobby registration request for hungaroring
22797: TCPQueue now: 4
22797: New TCP incoming pakSizeMax, 0 => 2
22797: Updated lobby with 0 drivers
