0: Server starting with version 256
0: Starting server ACC JS test
0: ==ERR: preRaceWaitingTimeSeconds (30) has been set to 80s, 1874728192 seconds are too low for public Multiplayer
0: allowAutoDQ is set to false, but is a public server. Will use auto DQs!
0: Joining during race is allowed
0: FileToStruct cfg/eventRules.json
0: maxCarSlots 30 exceeds the allowed slots by Rating requirement (10). Add Track Medal and Safety Rating Requirements to gain up to 30 slots (3 TM + 70 SA)
0: Translated realtime interval hzToMiliseconds(18)=54

0: SessionManager::randomizeGreenFlagTriggers: s:0.890000 e:0.950000 r:0.919344
0: Track misano was set and updated
0: Event changed
0: ==ERR: Ignoring special event rules for public Multiplayer
0: ==ERR: Ignoring special assist rules for public Multiplayer
0: SessionManager::randomizeGreenFlagTriggers: s:0.890000 e:0.950000 r:0.947728
0: Significant change detected, updating lobby (1|1)
0: maxCarSlots 30 exceeds the allowed slots by Rating requirement (10). Add Track Medal and Safety Rating Requirements to gain up to 30 slots (3 TM + 70 SA)
0: Resetting weekend to friday night
0: Reset time to friday night: 0 -> 0
0: Reset time to first session: 0 -> 72000
0: SessionManager::randomizeGreenFlagTriggers: s:0.890000 e:0.950000 r:0.936023
0: Listening to TCP 9601 | UDP 9601
291: Trying to connect to lobby (0 times, interval 10000 s)
291: Session changed: Practice -> Practice 0
291: Detected sessionPhase <waiting for drivers> -> <waiting for drivers> (Practice)
18139: Replied to network discovery request
21344: ==ERR: RegisterToLobby TCP connection failed, couldn't connect to the lobby server
21360: Trying to connect to lobby (1 times, interval 13000 s)
22530: RegisterToLobby succeeded
22545: Sent lobby registration request for misano
22730: TCPQueue now: 4
22730: New TCP incoming pakSizeMax, 0 => 2
22730: Updated lobby with 0 drivers
