0: Server starting with version 256
0: Starting server ACC JS test
0: ==ERR: preRaceWaitingTimeSeconds (30) has been set to 80s, 715395776 seconds are too low for public Multiplayer
0: ==ERR: weatherRandomness was set to 10; value range is 0 (off) to 10 (*very*volatile weather), suggested values are 1 or 2 for realistic and credible situations
0: allowAutoDQ is set to false, but is a public server. Will use auto DQs!
0: Joining during race is allowed
0: FileToStruct cfg/eventRules.json
0: maxCarSlots 30 exceeds the allowed slots by Rating requirement (10). Add Track Medal and Safety Rating Requirements to gain up to 30 slots (3 TM + 70 SA)
0: Translated realtime interval hzToMiliseconds(18)=54

0: SessionManager::randomizeGreenFlagTriggers: s:0.890000 e:0.950000 r:0.938827
0: Track barcelona was set and updated
0: Event changed
0: ==ERR: Ignoring special event rules for public Multiplayer
0: ==ERR: Ignoring special assist rules for public Multiplayer
0: SessionManager::randomizeGreenFlagTriggers: s:0.890000 e:0.950000 r:0.903287
0: Significant change detected, updating lobby (1|1)
0: maxCarSlots 30 exceeds the allowed slots by Rating requirement (10). Add Track Medal and Safety Rating Requirements to gain up to 30 slots (3 TM + 70 SA)
0: Resetting weekend to friday night
0: Reset time to friday night: 0 -> 0
0: Reset time to first session: 0 -> 72000
0: SessionManager::randomizeGreenFlagTriggers: s:0.890000 e:0.950000 r:0.899756
0: Listening to TCP 9601 | UDP 9601
618: Trying to connect to lobby (0 times, interval 10000 s)
618: Session changed: Practice -> Practice 0
618: Detected sessionPhase <waiting for drivers> -> <waiting for drivers> (Practice)
21678: 21678Trying to connect to lobby (1 times, interval 13000 s)
: ==ERR: RegisterToLobby TCP connection failed, couldn't connect to the lobby server
22826: RegisterToLobby succeeded
22842: Sent lobby registration request for barcelona
23013: TCPQueue now: 4
23013: New TCP incoming pakSizeMax, 0 => 2
23013: Updated lobby with 0 drivers
367750: Replied to network discovery request
23481296: Server was running late for 1 step(s), not enough CPU power
